<?xml version="1.0" encoding="UTF-8"?>
<testsuite xmlns:xsi="http://www.w3.org/2001/XMLSchema-instance" xsi:noNamespaceSchemaLocation="https://maven.apache.org/surefire/maven-surefire-plugin/xsd/surefire-test-report-3.0.xsd" version="3.0" name="com.udacity.catpoint.security.service.SecurityServiceTest" time="1.976" tests="17" errors="0" skipped="0" failures="0">
  <properties>
[...]
</properties>
  <testcase name="NoAlarm_whenPendingAlarmAndInactiveSensors" classname="com.udacity.catpoint.security.service.SecurityServiceTest" time="1.318"/>
  <testcase name="SetStatusNoAlarm_whenSystemDisarmed" classname="com.udacity.catpoint.security.service.SecurityServiceTest" time="0.006"/>
  <testcase name="SystemIntoAlarm_whenCatIdentifiedWhileSystemArmedHome" classname="com.udacity.catpoint.security.service.SecurityServiceTest" time="0.283"/>
  <testcase name="resetSensorsToInactive_whenSystemIsArmed(ArmingStatus)[1]" classname="com.udacity.catpoint.security.service.SecurityServiceTest" time="0.079"/>
  <testcase name="resetSensorsToInactive_whenSystemIsArmed(ArmingStatus)[2]" classname="com.udacity.catpoint.security.service.SecurityServiceTest" time="0.008"/>
  <testcase name="NoAffectState_whenAlarmActiveChangeSensorState" classname="com.udacity.catpoint.security.service.SecurityServiceTest" time="0.005"/>
  <testcase name="AlarmPendingStatus_whenArmedAndSensorActivated" classname="com.udacity.catpoint.security.service.SecurityServiceTest" time="0.006"/>
  <testcase name="SystemIntoAlarm_whenCatIdentifiedWhileSystemArmedHome2" classname="com.udacity.catpoint.security.service.SecurityServiceTest" time="0.007"/>
  <testcase name="statusListenerTest" classname="com.udacity.catpoint.security.service.SecurityServiceTest" time="0.019"/>
  <testcase name="AlarmAlarmStatus_whenArmedAndSensorActivatedAndAlreadyPending" classname="com.udacity.catpoint.security.service.SecurityServiceTest" time="0.007"/>
  <testcase name="SetStatusAlarm_whenArmedHomeWhileShowsCat2" classname="com.udacity.catpoint.security.service.SecurityServiceTest" time="0.007"/>
  <testcase name="SetStatusAlarm_whenArmedHomeWhileShowsCat" classname="com.udacity.catpoint.security.service.SecurityServiceTest" time="0.005"/>
  <testcase name="AlarmNoChange_whenSensorDeactivatedWhileAlreadyInactive" classname="com.udacity.catpoint.security.service.SecurityServiceTest" time="0.002"/>
  <testcase name="sensorTest" classname="com.udacity.catpoint.security.service.SecurityServiceTest" time="0.062"/>
  <testcase name="ChangeToAlarm_whenSensorActivatedWhileAlreadyActive" classname="com.udacity.catpoint.security.service.SecurityServiceTest" time="0.005"/>
  <testcase name="NoChange_whenDisarmed" classname="com.udacity.catpoint.security.service.SecurityServiceTest" time="0.007"/>
  <testcase name="ChangeToNoAlarm_whenCatNotIdentifiedAndSensorsNotActive" classname="com.udacity.catpoint.security.service.SecurityServiceTest" time="0.006"/>
</testsuite>